
8월 27, 2021 17:32:00.81 NEW SESSION
8월 27, 2021 17:32:00.81 [8784:10284:0827/173200.805:ERROR:device_event_log_impl.cc(214)] [17:32:00.804] USB: usb_device_handle_win.cc:1048 Failed to read descriptor from node connection: 시스템에 부착된 장치가 작동하지 않습니다. (0x1F)
8월 27, 2021 17:32:00.81 [8784:10284:0827/173200.806:ERROR:device_event_log_impl.cc(214)] [17:32:00.805] USB: usb_device_handle_win.cc:1048 Failed to read descriptor from node connection: 시스템에 부착된 장치가 작동하지 않습니다. (0x1F)
8월 27, 2021 17:32:31.86 [2040:4108:0827/173231.868:ERROR:device_event_log_impl.cc(214)] [17:32:31.868] USB: usb_device_handle_win.cc:1048 Failed to read descriptor from node connection: 시스템에 부착된 장치가 작동하지 않습니다. (0x1F)
8월 27, 2021 17:32:31.87 [2040:4108:0827/173231.871:ERROR:device_event_log_impl.cc(214)] [17:32:31.871] USB: usb_device_handle_win.cc:1048 Failed to read descriptor from node connection: 시스템에 부착된 장치가 작동하지 않습니다. (0x1F)
8월 27, 2021 17:32:31.87 [2040:4108:0827/173231.871:ERROR:device_event_log_impl.cc(214)] [17:32:31.871] USB: usb_device_handle_win.cc:1048 Failed to read descriptor from node connection: 시스템에 부착된 장치가 작동하지 않습니다. (0x1F)

9월 06, 2021 15:35:52.57 NEW SESSION
9월 06, 2021 15:35:52.57 [14472:1532:0906/153552.568:ERROR:device_event_log_impl.cc(214)] [15:35:52.568] USB: usb_device_handle_win.cc:1048 Failed to read descriptor from node connection: 시스템에 부착된 장치가 작동하지 않습니다. (0x1F)
9월 06, 2021 15:35:52.57 [14472:1532:0906/153552.568:ERROR:device_event_log_impl.cc(214)] [15:35:52.568] USB: usb_device_handle_win.cc:1048 Failed to read descriptor from node connection: 시스템에 부착된 장치가 작동하지 않습니다. (0x1F)
9월 06, 2021 15:52:05.00 [15048:6712:0906/155205.009:ERROR:device_event_log_impl.cc(214)] [15:52:05.009] USB: usb_device_handle_win.cc:1048 Failed to read descriptor from node connection: 시스템에 부착된 장치가 작동하지 않습니다. (0x1F)
9월 06, 2021 15:52:05.01 [15048:6712:0906/155205.009:ERROR:device_event_log_impl.cc(214)] [15:52:05.009] USB: usb_device_handle_win.cc:1048 Failed to read descriptor from node connection: 시스템에 부착된 장치가 작동하지 않습니다. (0x1F)
9월 06, 2021 15:52:35.08 [1436:6220:0906/155235.084:ERROR:device_event_log_impl.cc(214)] [15:52:35.084] USB: usb_device_handle_win.cc:1048 Failed to read descriptor from node connection: 시스템에 부착된 장치가 작동하지 않습니다. (0x1F)
9월 06, 2021 15:52:35.08 [1436:6220:0906/155235.084:ERROR:device_event_log_impl.cc(214)] [15:52:35.085] USB: usb_device_handle_win.cc:1048 Failed to read descriptor from node connection: 시스템에 부착된 장치가 작동하지 않습니다. (0x1F)
9월 06, 2021 15:53:10.90 [9404:6804:0906/155310.903:ERROR:device_event_log_impl.cc(214)] [15:53:10.903] USB: usb_device_handle_win.cc:1048 Failed to read descriptor from node connection: 시스템에 부착된 장치가 작동하지 않습니다. (0x1F)
9월 06, 2021 15:53:10.90 [9404:6804:0906/155310.903:ERROR:device_event_log_impl.cc(214)] [15:53:10.904] USB: usb_device_handle_win.cc:1048 Failed to read descriptor from node connection: 시스템에 부착된 장치가 작동하지 않습니다. (0x1F)
9월 06, 2021 15:54:00.48 [15232:13660:0906/155400.489:ERROR:device_event_log_impl.cc(214)] [15:54:00.488] USB: usb_device_handle_win.cc:1048 Failed to read descriptor from node connection: 시스템에 부착된 장치가 작동하지 않습니다. (0x1F)
9월 06, 2021 15:54:00.49 [15232:13660:0906/155400.489:ERROR:device_event_log_impl.cc(214)] [15:54:00.489] USB: usb_device_handle_win.cc:1048 Failed to read descriptor from node connection: 시스템에 부착된 장치가 작동하지 않습니다. (0x1F)
9월 06, 2021 15:54:41.83 [13484:8804:0906/155441.838:ERROR:device_event_log_impl.cc(214)] [15:54:41.838] USB: usb_device_handle_win.cc:1048 Failed to read descriptor from node connection: 시스템에 부착된 장치가 작동하지 않습니다. (0x1F)
9월 06, 2021 15:54:41.83 [13484:8804:0906/155441.838:ERROR:device_event_log_impl.cc(214)] [15:54:41.838] USB: usb_device_handle_win.cc:1048 Failed to read descriptor from node connection: 시스템에 부착된 장치가 작동하지 않습니다. (0x1F)
9월 06, 2021 15:58:04.83 [11552:9936:0906/155804.836:ERROR:device_event_log_impl.cc(214)] [15:58:04.835] USB: usb_device_handle_win.cc:1048 Failed to read descriptor from node connection: 시스템에 부착된 장치가 작동하지 않습니다. (0x1F)
9월 06, 2021 15:58:04.83 [11552:9936:0906/155804.836:ERROR:device_event_log_impl.cc(214)] [15:58:04.836] USB: usb_device_handle_win.cc:1048 Failed to read descriptor from node connection: 시스템에 부착된 장치가 작동하지 않습니다. (0x1F)
9월 06, 2021 16:07:21.35 [3396:13276:0906/160721.352:ERROR:device_event_log_impl.cc(214)] [16:07:21.352] USB: usb_device_handle_win.cc:1048 Failed to read descriptor from node connection: 시스템에 부착된 장치가 작동하지 않습니다. (0x1F)
9월 06, 2021 16:07:21.35 [3396:13276:0906/160721.352:ERROR:device_event_log_impl.cc(214)] [16:07:21.353] USB: usb_device_handle_win.cc:1048 Failed to read descriptor from node connection: 시스템에 부착된 장치가 작동하지 않습니다. (0x1F)
9월 06, 2021 16:22:44.62 [13396:13304:0906/162244.627:ERROR:device_event_log_impl.cc(214)] [16:22:44.626] USB: usb_device_handle_win.cc:1048 Failed to read descriptor from node connection: 시스템에 부착된 장치가 작동하지 않습니다. (0x1F)
9월 06, 2021 16:22:44.62 [13396:13304:0906/162244.627:ERROR:device_event_log_impl.cc(214)] [16:22:44.627] USB: usb_device_handle_win.cc:1048 Failed to read descriptor from node connection: 시스템에 부착된 장치가 작동하지 않습니다. (0x1F)
9월 06, 2021 18:14:27.48 [10492:11344:0906/181427.480:ERROR:device_event_log_impl.cc(214)] [18:14:27.480] USB: usb_device_handle_win.cc:1048 Failed to read descriptor from node connection: 시스템에 부착된 장치가 작동하지 않습니다. (0x1F)
9월 06, 2021 18:14:27.48 [10492:11344:0906/181427.480:ERROR:device_event_log_impl.cc(214)] [18:14:27.480] USB: usb_device_handle_win.cc:1048 Failed to read descriptor from node connection: 시스템에 부착된 장치가 작동하지 않습니다. (0x1F)
9월 06, 2021 18:14:27.48 [10492:11344:0906/181427.480:ERROR:device_event_log_impl.cc(214)] [18:14:27.480] USB: usb_device_handle_win.cc:1048 Failed to read descriptor from node connection: 시스템에 부착된 장치가 작동하지 않습니다. (0x1F)
9월 06, 2021 18:14:44.30 [13344:9460:0906/181444.301:ERROR:device_event_log_impl.cc(214)] [18:14:44.300] USB: usb_device_handle_win.cc:1048 Failed to read descriptor from node connection: 시스템에 부착된 장치가 작동하지 않습니다. (0x1F)
9월 06, 2021 18:14:44.30 [13344:9460:0906/181444.301:ERROR:device_event_log_impl.cc(214)] [18:14:44.300] USB: usb_device_handle_win.cc:1048 Failed to read descriptor from node connection: 시스템에 부착된 장치가 작동하지 않습니다. (0x1F)

9월 14, 2021 13:11:09.62 NEW SESSION
9월 14, 2021 13:11:09.62 [3804:5672:0914/131109.625:ERROR:device_event_log_impl.cc(214)] [13:11:09.624] USB: usb_device_handle_win.cc:1048 Failed to read descriptor from node connection: 시스템에 부착된 장치가 작동하지 않습니다. (0x1F)
9월 14, 2021 13:11:09.62 [3804:5672:0914/131109.625:ERROR:device_event_log_impl.cc(214)] [13:11:09.625] USB: usb_device_handle_win.cc:1048 Failed to read descriptor from node connection: 시스템에 부착된 장치가 작동하지 않습니다. (0x1F)
9월 14, 2021 13:21:44.44 [13040:1416:0914/132144.448:ERROR:device_event_log_impl.cc(214)] [13:21:44.448] USB: usb_device_handle_win.cc:1048 Failed to read descriptor from node connection: 시스템에 부착된 장치가 작동하지 않습니다. (0x1F)
9월 14, 2021 13:21:44.44 [13040:1416:0914/132144.448:ERROR:device_event_log_impl.cc(214)] [13:21:44.449] USB: usb_device_handle_win.cc:1048 Failed to read descriptor from node connection: 시스템에 부착된 장치가 작동하지 않습니다. (0x1F)
9월 14, 2021 15:13:04.81 [7316:9116:0914/151304.811:ERROR:device_event_log_impl.cc(214)] [15:13:04.812] USB: usb_device_handle_win.cc:1048 Failed to read descriptor from node connection: 시스템에 부착된 장치가 작동하지 않습니다. (0x1F)
9월 14, 2021 15:13:04.81 [7316:9116:0914/151304.812:ERROR:device_event_log_impl.cc(214)] [15:13:04.812] USB: usb_device_handle_win.cc:1048 Failed to read descriptor from node connection: 시스템에 부착된 장치가 작동하지 않습니다. (0x1F)
9월 14, 2021 15:14:41.36 [6932:12240:0914/151441.367:ERROR:device_event_log_impl.cc(214)] [15:14:41.367] USB: usb_device_handle_win.cc:1048 Failed to read descriptor from node connection: 시스템에 부착된 장치가 작동하지 않습니다. (0x1F)
9월 14, 2021 15:14:41.36 [6932:12240:0914/151441.367:ERROR:device_event_log_impl.cc(214)] [15:14:41.367] USB: usb_device_handle_win.cc:1048 Failed to read descriptor from node connection: 시스템에 부착된 장치가 작동하지 않습니다. (0x1F)
9월 14, 2021 16:55:11.51 [12148:13040:0914/165511.515:ERROR:device_event_log_impl.cc(214)] [16:55:11.514] USB: usb_device_handle_win.cc:1048 Failed to read descriptor from node connection: 시스템에 부착된 장치가 작동하지 않습니다. (0x1F)
9월 14, 2021 16:55:11.51 [12148:13040:0914/165511.515:ERROR:device_event_log_impl.cc(214)] [16:55:11.514] USB: usb_device_handle_win.cc:1048 Failed to read descriptor from node connection: 시스템에 부착된 장치가 작동하지 않습니다. (0x1F)
9월 14, 2021 17:56:58.62 [1908:1232:0914/175658.623:ERROR:get_updates_processor.cc(257)] PostClientToServerMessage() failed during GetUpdates with error 2
9월 14, 2021 18:00:35.56 [13056:11724:0914/180035.558:ERROR:device_event_log_impl.cc(214)] [18:00:35.558] USB: usb_device_handle_win.cc:1048 Failed to read descriptor from node connection: 시스템에 부착된 장치가 작동하지 않습니다. (0x1F)
9월 14, 2021 18:00:35.56 [13056:11724:0914/180035.558:ERROR:device_event_log_impl.cc(214)] [18:00:35.559] USB: usb_device_handle_win.cc:1048 Failed to read descriptor from node connection: 시스템에 부착된 장치가 작동하지 않습니다. (0x1F)
9월 14, 2021 18:00:35.56 [13056:11724:0914/180035.559:ERROR:device_event_log_impl.cc(214)] [18:00:35.559] USB: usb_device_handle_win.cc:1048 Failed to read descriptor from node connection: 시스템에 부착된 장치가 작동하지 않습니다. (0x1F)
9월 14, 2021 18:11:51.04 [9192:9644:0914/181151.044:ERROR:device_event_log_impl.cc(214)] [18:11:51.045] USB: usb_device_handle_win.cc:1048 Failed to read descriptor from node connection: 시스템에 부착된 장치가 작동하지 않습니다. (0x1F)
9월 14, 2021 18:11:51.05 [9192:9644:0914/181151.046:ERROR:device_event_log_impl.cc(214)] [18:11:51.046] USB: usb_device_handle_win.cc:1048 Failed to read descriptor from node connection: 시스템에 부착된 장치가 작동하지 않습니다. (0x1F)
9월 14, 2021 18:16:03.79 [10048:5660:0914/181603.794:ERROR:device_event_log_impl.cc(214)] [18:16:03.794] USB: usb_device_handle_win.cc:1048 Failed to read descriptor from node connection: 시스템에 부착된 장치가 작동하지 않습니다. (0x1F)
9월 14, 2021 18:16:03.79 [10048:5660:0914/181603.795:ERROR:device_event_log_impl.cc(214)] [18:16:03.795] USB: usb_device_handle_win.cc:1048 Failed to read descriptor from node connection: 시스템에 부착된 장치가 작동하지 않습니다. (0x1F)
9월 14, 2021 18:22:11.52 [376:6700:0914/182211.515:ERROR:device_event_log_impl.cc(214)] [18:22:11.515] USB: usb_device_handle_win.cc:1048 Failed to read descriptor from node connection: 시스템에 부착된 장치가 작동하지 않습니다. (0x1F)
9월 14, 2021 18:22:11.52 [376:6700:0914/182211.517:ERROR:device_event_log_impl.cc(214)] [18:22:11.517] USB: usb_device_handle_win.cc:1048 Failed to read descriptor from node connection: 시스템에 부착된 장치가 작동하지 않습니다. (0x1F)
9월 14, 2021 18:28:05.76 [1224:11664:0914/182805.760:ERROR:device_event_log_impl.cc(214)] [18:28:05.760] USB: usb_device_handle_win.cc:1048 Failed to read descriptor from node connection: 시스템에 부착된 장치가 작동하지 않습니다. (0x1F)
9월 14, 2021 18:28:05.76 [1224:11664:0914/182805.761:ERROR:device_event_log_impl.cc(214)] [18:28:05.760] USB: usb_device_handle_win.cc:1048 Failed to read descriptor from node connection: 시스템에 부착된 장치가 작동하지 않습니다. (0x1F)
9월 14, 2021 18:34:25.04 [5964:2052:0914/183425.038:ERROR:device_event_log_impl.cc(214)] [18:34:25.039] USB: usb_device_handle_win.cc:1048 Failed to read descriptor from node connection: 시스템에 부착된 장치가 작동하지 않습니다. (0x1F)
9월 14, 2021 18:34:25.04 [5964:2052:0914/183425.039:ERROR:device_event_log_impl.cc(214)] [18:34:25.040] USB: usb_device_handle_win.cc:1048 Failed to read descriptor from node connection: 시스템에 부착된 장치가 작동하지 않습니다. (0x1F)
9월 14, 2021 19:00:06.12 [6772:3188:0914/190006.122:ERROR:device_event_log_impl.cc(214)] [19:00:06.122] USB: usb_device_handle_win.cc:1048 Failed to read descriptor from node connection: 시스템에 부착된 장치가 작동하지 않습니다. (0x1F)
9월 14, 2021 19:00:06.12 [6772:3188:0914/190006.124:ERROR:device_event_log_impl.cc(214)] [19:00:06.124] USB: usb_device_handle_win.cc:1048 Failed to read descriptor from node connection: 시스템에 부착된 장치가 작동하지 않습니다. (0x1F)
9월 14, 2021 19:05:58.47 [6116:9056:0914/190558.476:ERROR:device_event_log_impl.cc(214)] [19:05:58.476] USB: usb_device_handle_win.cc:1048 Failed to read descriptor from node connection: 시스템에 부착된 장치가 작동하지 않습니다. (0x1F)
9월 14, 2021 19:05:58.47 [6116:9056:0914/190558.476:ERROR:device_event_log_impl.cc(214)] [19:05:58.477] USB: usb_device_handle_win.cc:1048 Failed to read descriptor from node connection: 시스템에 부착된 장치가 작동하지 않습니다. (0x1F)

9월 14, 2021 19:41:16.25 NEW SESSION
9월 14, 2021 19:41:16.25 [11176:12192:0914/194116.255:ERROR:device_event_log_impl.cc(214)] [19:41:16.256] USB: usb_device_handle_win.cc:1048 Failed to read descriptor from node connection: 시스템에 부착된 장치가 작동하지 않습니다. (0x1F)
9월 14, 2021 19:41:16.25 [11176:12192:0914/194116.256:ERROR:device_event_log_impl.cc(214)] [19:41:16.256] USB: usb_device_handle_win.cc:1048 Failed to read descriptor from node connection: 시스템에 부착된 장치가 작동하지 않습니다. (0x1F)
9월 14, 2021 19:43:52.59 [6284:11588:0914/194352.599:ERROR:device_event_log_impl.cc(214)] [19:43:52.599] USB: usb_device_handle_win.cc:1048 Failed to read descriptor from node connection: 시스템에 부착된 장치가 작동하지 않습니다. (0x1F)
9월 14, 2021 19:43:52.60 [6284:11588:0914/194352.599:ERROR:device_event_log_impl.cc(214)] [19:43:52.599] USB: usb_device_handle_win.cc:1048 Failed to read descriptor from node connection: 시스템에 부착된 장치가 작동하지 않습니다. (0x1F)
9월 14, 2021 19:58:19.91 [6284:11588:0914/195819.919:ERROR:device_event_log_impl.cc(214)] [19:58:19.920] USB: usb_service_win.cc:258 Failed to get device driver name: 요소가 없습니다. (0x490)
9월 14, 2021 20:06:58.58 [10552:2276:0914/200658.588:ERROR:device_event_log_impl.cc(214)] [20:06:58.588] USB: usb_device_handle_win.cc:1048 Failed to read descriptor from node connection: 시스템에 부착된 장치가 작동하지 않습니다. (0x1F)
9월 14, 2021 20:06:58.58 [10552:2276:0914/200658.588:ERROR:device_event_log_impl.cc(214)] [20:06:58.588] USB: usb_device_handle_win.cc:1048 Failed to read descriptor from node connection: 시스템에 부착된 장치가 작동하지 않습니다. (0x1F)

9월 14, 2021 21:11:08.41 NEW SESSION
9월 14, 2021 21:11:08.41 [12828:10632:0914/211108.410:ERROR:device_event_log_impl.cc(214)] [21:11:08.411] USB: usb_device_handle_win.cc:1048 Failed to read descriptor from node connection: 시스템에 부착된 장치가 작동하지 않습니다. (0x1F)
9월 14, 2021 21:11:08.41 [12828:10632:0914/211108.411:ERROR:device_event_log_impl.cc(214)] [21:11:08.411] USB: usb_device_handle_win.cc:1048 Failed to read descriptor from node connection: 시스템에 부착된 장치가 작동하지 않습니다. (0x1F)
9월 14, 2021 21:11:08.41 [12828:10632:0914/211108.411:ERROR:device_event_log_impl.cc(214)] [21:11:08.411] USB: usb_device_handle_win.cc:1048 Failed to read descriptor from node connection: 시스템에 부착된 장치가 작동하지 않습니다. (0x1F)
9월 14, 2021 21:23:59.80 [12888:9912:0914/212359.802:ERROR:device_event_log_impl.cc(214)] [21:23:59.802] USB: usb_device_handle_win.cc:1048 Failed to read descriptor from node connection: 시스템에 부착된 장치가 작동하지 않습니다. (0x1F)
9월 14, 2021 21:23:59.80 [12888:9912:0914/212359.802:ERROR:device_event_log_impl.cc(214)] [21:23:59.803] USB: usb_device_handle_win.cc:1048 Failed to read descriptor from node connection: 시스템에 부착된 장치가 작동하지 않습니다. (0x1F)
9월 14, 2021 21:35:10.53 [11252:10744:0914/213510.535:ERROR:device_event_log_impl.cc(214)] [21:35:10.535] USB: usb_device_handle_win.cc:1048 Failed to read descriptor from node connection: 시스템에 부착된 장치가 작동하지 않습니다. (0x1F)
9월 14, 2021 21:35:10.53 [11252:10744:0914/213510.536:ERROR:device_event_log_impl.cc(214)] [21:35:10.536] USB: usb_device_handle_win.cc:1048 Failed to read descriptor from node connection: 시스템에 부착된 장치가 작동하지 않습니다. (0x1F)
9월 14, 2021 21:42:34.42 [5096:3572:0914/214234.425:ERROR:device_event_log_impl.cc(214)] [21:42:34.424] USB: usb_device_handle_win.cc:1048 Failed to read descriptor from node connection: 시스템에 부착된 장치가 작동하지 않습니다. (0x1F)
9월 14, 2021 21:42:34.42 [5096:3572:0914/214234.425:ERROR:device_event_log_impl.cc(214)] [21:42:34.425] USB: usb_device_handle_win.cc:1048 Failed to read descriptor from node connection: 시스템에 부착된 장치가 작동하지 않습니다. (0x1F)
9월 14, 2021 21:43:31.77 [13316:10076:0914/214331.774:ERROR:device_event_log_impl.cc(214)] [21:43:31.774] USB: usb_device_handle_win.cc:1048 Failed to read descriptor from node connection: 시스템에 부착된 장치가 작동하지 않습니다. (0x1F)
9월 14, 2021 21:43:31.77 [13316:10076:0914/214331.775:ERROR:device_event_log_impl.cc(214)] [21:43:31.775] USB: usb_device_handle_win.cc:1048 Failed to read descriptor from node connection: 시스템에 부착된 장치가 작동하지 않습니다. (0x1F)
9월 14, 2021 21:44:40.93 [8268:2748:0914/214440.932:ERROR:device_event_log_impl.cc(214)] [21:44:40.932] USB: usb_device_handle_win.cc:1048 Failed to read descriptor from node connection: 시스템에 부착된 장치가 작동하지 않습니다. (0x1F)
9월 14, 2021 21:44:40.93 [8268:2748:0914/214440.932:ERROR:device_event_log_impl.cc(214)] [21:44:40.933] USB: usb_device_handle_win.cc:1048 Failed to read descriptor from node connection: 시스템에 부착된 장치가 작동하지 않습니다. (0x1F)
9월 14, 2021 21:45:56.54 [11928:13180:0914/214556.548:ERROR:device_event_log_impl.cc(214)] [21:45:56.547] USB: usb_device_handle_win.cc:1048 Failed to read descriptor from node connection: 시스템에 부착된 장치가 작동하지 않습니다. (0x1F)
9월 14, 2021 21:45:56.55 [11928:13180:0914/214556.548:ERROR:device_event_log_impl.cc(214)] [21:45:56.547] USB: usb_device_handle_win.cc:1048 Failed to read descriptor from node connection: 시스템에 부착된 장치가 작동하지 않습니다. (0x1F)

9월 14, 2021 22:11:25.58 NEW SESSION
9월 14, 2021 22:11:25.58 [2456:12232:0914/221125.578:ERROR:template_url_service.cc(1043)] Search Engines datatype error was encountered: ProcessSyncChanges failed on ChangeType ACTION_DELETE
9월 14, 2021 22:11:25.58 [2456:12232:0914/221125.578:ERROR:template_url_service.cc(1043)] Search Engines datatype error was encountered: ProcessSyncChanges failed on ChangeType ACTION_DELETE
9월 14, 2021 22:11:26.67 [2456:12232:0914/221126.674:ERROR:device_event_log_impl.cc(214)] [22:11:26.674] USB: usb_device_handle_win.cc:1048 Failed to read descriptor from node connection: 시스템에 부착된 장치가 작동하지 않습니다. (0x1F)
9월 14, 2021 22:11:26.67 [2456:12232:0914/221126.675:ERROR:device_event_log_impl.cc(214)] [22:11:26.675] USB: usb_device_handle_win.cc:1048 Failed to read descriptor from node connection: 시스템에 부착된 장치가 작동하지 않습니다. (0x1F)
9월 14, 2021 22:11:42.92 [7856:10916:0914/221142.927:ERROR:device_event_log_impl.cc(214)] [22:11:42.926] USB: usb_device_handle_win.cc:1048 Failed to read descriptor from node connection: 시스템에 부착된 장치가 작동하지 않습니다. (0x1F)
9월 14, 2021 22:11:42.92 [7856:10916:0914/221142.927:ERROR:device_event_log_impl.cc(214)] [22:11:42.927] USB: usb_device_handle_win.cc:1048 Failed to read descriptor from node connection: 시스템에 부착된 장치가 작동하지 않습니다. (0x1F)
9월 14, 2021 22:12:08.16 [5376:11188:0914/221208.165:ERROR:device_event_log_impl.cc(214)] [22:12:08.165] USB: usb_device_handle_win.cc:1048 Failed to read descriptor from node connection: 시스템에 부착된 장치가 작동하지 않습니다. (0x1F)
9월 14, 2021 22:12:08.16 [5376:11188:0914/221208.165:ERROR:device_event_log_impl.cc(214)] [22:12:08.165] USB: usb_device_handle_win.cc:1048 Failed to read descriptor from node connection: 시스템에 부착된 장치가 작동하지 않습니다. (0x1F)

9월 15, 2021 16:19:19.33 NEW SESSION
9월 15, 2021 16:19:19.33 [2204:14004:0915/161919.328:ERROR:device_event_log_impl.cc(214)] [16:19:19.328] USB: usb_device_handle_win.cc:1048 Failed to read descriptor from node connection: 시스템에 부착된 장치가 작동하지 않습니다. (0x1F)
9월 15, 2021 16:19:19.33 [2204:14004:0915/161919.328:ERROR:device_event_log_impl.cc(214)] [16:19:19.329] USB: usb_device_handle_win.cc:1048 Failed to read descriptor from node connection: 시스템에 부착된 장치가 작동하지 않습니다. (0x1F)
9월 15, 2021 16:20:09.69 [11360:10872:0915/162009.697:ERROR:device_event_log_impl.cc(214)] [16:20:09.698] USB: usb_device_handle_win.cc:1048 Failed to read descriptor from node connection: 시스템에 부착된 장치가 작동하지 않습니다. (0x1F)
9월 15, 2021 16:20:09.69 [11360:10872:0915/162009.698:ERROR:device_event_log_impl.cc(214)] [16:20:09.698] USB: usb_device_handle_win.cc:1048 Failed to read descriptor from node connection: 시스템에 부착된 장치가 작동하지 않습니다. (0x1F)
9월 15, 2021 16:28:48.01 [11288:10524:0915/162848.017:ERROR:device_event_log_impl.cc(214)] [16:28:48.017] USB: usb_device_handle_win.cc:1048 Failed to read descriptor from node connection: 시스템에 부착된 장치가 작동하지 않습니다. (0x1F)
9월 15, 2021 16:28:48.01 [11288:10524:0915/162848.017:ERROR:device_event_log_impl.cc(214)] [16:28:48.017] USB: usb_device_handle_win.cc:1048 Failed to read descriptor from node connection: 시스템에 부착된 장치가 작동하지 않습니다. (0x1F)

9월 15, 2021 22:56:59.23 NEW SESSION
9월 15, 2021 22:56:59.23 [12072:9536:0915/225659.228:ERROR:device_event_log_impl.cc(214)] [22:56:59.229] USB: usb_device_handle_win.cc:1048 Failed to read descriptor from node connection: 시스템에 부착된 장치가 작동하지 않습니다. (0x1F)
9월 15, 2021 22:56:59.23 [12072:9536:0915/225659.228:ERROR:device_event_log_impl.cc(214)] [22:56:59.229] USB: usb_device_handle_win.cc:1048 Failed to read descriptor from node connection: 시스템에 부착된 장치가 작동하지 않습니다. (0x1F)
9월 15, 2021 22:57:28.32 [9940:1780:0915/225728.326:ERROR:device_event_log_impl.cc(214)] [22:57:28.326] USB: usb_device_handle_win.cc:1048 Failed to read descriptor from node connection: 시스템에 부착된 장치가 작동하지 않습니다. (0x1F)
9월 15, 2021 22:57:28.32 [9940:1780:0915/225728.328:ERROR:device_event_log_impl.cc(214)] [22:57:28.328] USB: usb_device_handle_win.cc:1048 Failed to read descriptor from node connection: 시스템에 부착된 장치가 작동하지 않습니다. (0x1F)
9월 15, 2021 23:17:56.26 [10676:4340:0915/231756.260:ERROR:device_event_log_impl.cc(214)] [23:17:56.260] USB: usb_device_handle_win.cc:1048 Failed to read descriptor from node connection: 시스템에 부착된 장치가 작동하지 않습니다. (0x1F)
9월 15, 2021 23:17:56.26 [10676:4340:0915/231756.261:ERROR:device_event_log_impl.cc(214)] [23:17:56.262] USB: usb_device_handle_win.cc:1048 Failed to read descriptor from node connection: 시스템에 부착된 장치가 작동하지 않습니다. (0x1F)
9월 15, 2021 23:24:09.03 [13492:1168:0915/232409.036:ERROR:device_event_log_impl.cc(214)] [23:24:09.036] USB: usb_device_handle_win.cc:1048 Failed to read descriptor from node connection: 시스템에 부착된 장치가 작동하지 않습니다. (0x1F)
9월 15, 2021 23:24:09.04 [13492:1168:0915/232409.037:ERROR:device_event_log_impl.cc(214)] [23:24:09.037] USB: usb_device_handle_win.cc:1048 Failed to read descriptor from node connection: 시스템에 부착된 장치가 작동하지 않습니다. (0x1F)

9월 15, 2021 23:28:05.92 NEW SESSION
9월 15, 2021 23:28:05.92 [11024:2208:0915/232805.914:ERROR:device_event_log_impl.cc(214)] [23:28:05.914] USB: usb_device_handle_win.cc:1048 Failed to read descriptor from node connection: 시스템에 부착된 장치가 작동하지 않습니다. (0x1F)
9월 15, 2021 23:28:05.92 [11024:2208:0915/232805.916:ERROR:device_event_log_impl.cc(214)] [23:28:05.916] USB: usb_device_handle_win.cc:1048 Failed to read descriptor from node connection: 시스템에 부착된 장치가 작동하지 않습니다. (0x1F)

9월 16, 2021 17:14:04.61 NEW SESSION
9월 16, 2021 17:14:04.61 [9092:10592:0916/171404.609:ERROR:device_event_log_impl.cc(214)] [17:14:04.609] USB: usb_device_handle_win.cc:1048 Failed to read descriptor from node connection: 시스템에 부착된 장치가 작동하지 않습니다. (0x1F)
9월 16, 2021 17:14:04.61 [9092:10592:0916/171404.610:ERROR:device_event_log_impl.cc(214)] [17:14:04.610] USB: usb_device_handle_win.cc:1048 Failed to read descriptor from node connection: 시스템에 부착된 장치가 작동하지 않습니다. (0x1F)
9월 16, 2021 17:25:26.56 [9092:13212:0916/172526.569:ERROR:mcs_client.cc(755)] Received close command, resetting connection.

9월 23, 2021 20:25:00.57 NEW SESSION
9월 23, 2021 20:25:00.57 [11080:6272:0923/202500.574:ERROR:chrome_browser_main_extra_parts_metrics.cc(228)] crbug.com/1216328: Checking Bluetooth availability started. Please report if there is no report that this ends.
9월 23, 2021 20:25:00.57 [11080:6272:0923/202500.574:ERROR:chrome_browser_main_extra_parts_metrics.cc(231)] crbug.com/1216328: Checking Bluetooth availability ended.
9월 23, 2021 20:25:00.57 [11080:6272:0923/202500.574:ERROR:chrome_browser_main_extra_parts_metrics.cc(234)] crbug.com/1216328: Checking default browser status started. Please report if there is no report that this ends.
9월 23, 2021 20:25:00.58 [11080:6272:0923/202500.581:ERROR:chrome_browser_main_extra_parts_metrics.cc(238)] crbug.com/1216328: Checking default browser status ended.
9월 23, 2021 20:25:00.60 [11080:6700:0923/202500.602:ERROR:device_event_log_impl.cc(214)] [20:25:00.602] USB: usb_device_handle_win.cc:1048 Failed to read descriptor from node connection: 시스템에 부착된 장치가 작동하지 않습니다. (0x1F)
9월 23, 2021 20:25:00.60 [11080:6700:0923/202500.603:ERROR:device_event_log_impl.cc(214)] [20:25:00.603] USB: usb_device_handle_win.cc:1048 Failed to read descriptor from node connection: 시스템에 부착된 장치가 작동하지 않습니다. (0x1F)
9월 23, 2021 20:25:00.60 [11080:6700:0923/202500.603:ERROR:device_event_log_impl.cc(214)] [20:25:00.603] USB: usb_device_handle_win.cc:1048 Failed to read descriptor from node connection: 시스템에 부착된 장치가 작동하지 않습니다. (0x1F)
9월 23, 2021 20:33:39.57 [7320:1692:0923/203339.575:ERROR:chrome_browser_main_extra_parts_metrics.cc(228)] crbug.com/1216328: Checking Bluetooth availability started. Please report if there is no report that this ends.
9월 23, 2021 20:33:39.57 [7320:1692:0923/203339.575:ERROR:chrome_browser_main_extra_parts_metrics.cc(231)] crbug.com/1216328: Checking Bluetooth availability ended.
9월 23, 2021 20:33:39.57 [7320:1692:0923/203339.575:ERROR:chrome_browser_main_extra_parts_metrics.cc(234)] crbug.com/1216328: Checking default browser status started. Please report if there is no report that this ends.
9월 23, 2021 20:33:39.58 [7320:1692:0923/203339.580:ERROR:chrome_browser_main_extra_parts_metrics.cc(238)] crbug.com/1216328: Checking default browser status ended.
9월 23, 2021 20:33:39.61 [7320:3528:0923/203339.616:ERROR:device_event_log_impl.cc(214)] [20:33:39.616] USB: usb_device_handle_win.cc:1048 Failed to read descriptor from node connection: 시스템에 부착된 장치가 작동하지 않습니다. (0x1F)
9월 23, 2021 20:33:39.61 [7320:3528:0923/203339.616:ERROR:device_event_log_impl.cc(214)] [20:33:39.617] USB: usb_device_handle_win.cc:1048 Failed to read descriptor from node connection: 시스템에 부착된 장치가 작동하지 않습니다. (0x1F)
9월 23, 2021 20:33:39.61 [7320:3528:0923/203339.617:ERROR:device_event_log_impl.cc(214)] [20:33:39.617] USB: usb_device_handle_win.cc:1048 Failed to read descriptor from node connection: 시스템에 부착된 장치가 작동하지 않습니다. (0x1F)
9월 23, 2021 20:34:49.67 [656:11792:0923/203449.678:ERROR:chrome_browser_main_extra_parts_metrics.cc(228)] crbug.com/1216328: Checking Bluetooth availability started. Please report if there is no report that this ends.
9월 23, 2021 20:34:49.68 [656:11792:0923/203449.678:ERROR:chrome_browser_main_extra_parts_metrics.cc(231)] crbug.com/1216328: Checking Bluetooth availability ended.
9월 23, 2021 20:34:49.68 [656:11792:0923/203449.678:ERROR:chrome_browser_main_extra_parts_metrics.cc(234)] crbug.com/1216328: Checking default browser status started. Please report if there is no report that this ends.
9월 23, 2021 20:34:49.70 [656:11792:0923/203449.700:ERROR:chrome_browser_main_extra_parts_metrics.cc(238)] crbug.com/1216328: Checking default browser status ended.
9월 23, 2021 20:34:49.71 [656:9676:0923/203449.712:ERROR:device_event_log_impl.cc(214)] [20:34:49.712] USB: usb_device_handle_win.cc:1048 Failed to read descriptor from node connection: 시스템에 부착된 장치가 작동하지 않습니다. (0x1F)
9월 23, 2021 20:34:49.71 [656:9676:0923/203449.713:ERROR:device_event_log_impl.cc(214)] [20:34:49.713] USB: usb_device_handle_win.cc:1048 Failed to read descriptor from node connection: 시스템에 부착된 장치가 작동하지 않습니다. (0x1F)
9월 23, 2021 20:34:49.71 [656:9676:0923/203449.713:ERROR:device_event_log_impl.cc(214)] [20:34:49.713] USB: usb_device_handle_win.cc:1048 Failed to read descriptor from node connection: 시스템에 부착된 장치가 작동하지 않습니다. (0x1F)
9월 23, 2021 20:35:08.64 [3864:3584:0923/203508.646:ERROR:chrome_browser_main_extra_parts_metrics.cc(228)] crbug.com/1216328: Checking Bluetooth availability started. Please report if there is no report that this ends.
9월 23, 2021 20:35:08.64 [3864:3584:0923/203508.647:ERROR:chrome_browser_main_extra_parts_metrics.cc(231)] crbug.com/1216328: Checking Bluetooth availability ended.
9월 23, 2021 20:35:08.65 [3864:3584:0923/203508.647:ERROR:chrome_browser_main_extra_parts_metrics.cc(234)] crbug.com/1216328: Checking default browser status started. Please report if there is no report that this ends.
9월 23, 2021 20:35:08.65 [3864:3584:0923/203508.650:ERROR:chrome_browser_main_extra_parts_metrics.cc(238)] crbug.com/1216328: Checking default browser status ended.
9월 23, 2021 20:35:08.68 [3864:7524:0923/203508.683:ERROR:device_event_log_impl.cc(214)] [20:35:08.684] USB: usb_device_handle_win.cc:1048 Failed to read descriptor from node connection: 시스템에 부착된 장치가 작동하지 않습니다. (0x1F)
9월 23, 2021 20:35:08.68 [3864:7524:0923/203508.684:ERROR:device_event_log_impl.cc(214)] [20:35:08.684] USB: usb_device_handle_win.cc:1048 Failed to read descriptor from node connection: 시스템에 부착된 장치가 작동하지 않습니다. (0x1F)
9월 23, 2021 20:35:08.68 [3864:7524:0923/203508.684:ERROR:device_event_log_impl.cc(214)] [20:35:08.685] USB: usb_device_handle_win.cc:1048 Failed to read descriptor from node connection: 시스템에 부착된 장치가 작동하지 않습니다. (0x1F)

9월 25, 2021 18:06:09.60 NEW SESSION
9월 25, 2021 18:06:09.60 [12048:8972:0925/180609.607:ERROR:chrome_browser_main_extra_parts_metrics.cc(228)] crbug.com/1216328: Checking Bluetooth availability started. Please report if there is no report that this ends.
9월 25, 2021 18:06:09.61 [12048:8972:0925/180609.607:ERROR:chrome_browser_main_extra_parts_metrics.cc(231)] crbug.com/1216328: Checking Bluetooth availability ended.
9월 25, 2021 18:06:09.61 [12048:8972:0925/180609.607:ERROR:chrome_browser_main_extra_parts_metrics.cc(234)] crbug.com/1216328: Checking default browser status started. Please report if there is no report that this ends.
9월 25, 2021 18:06:09.61 [12048:8972:0925/180609.609:ERROR:chrome_browser_main_extra_parts_metrics.cc(238)] crbug.com/1216328: Checking default browser status ended.
9월 25, 2021 18:06:09.62 [12048:12072:0925/180609.626:ERROR:device_event_log_impl.cc(214)] [18:06:09.626] USB: usb_device_handle_win.cc:1048 Failed to read descriptor from node connection: 시스템에 부착된 장치가 작동하지 않습니다. (0x1F)
9월 25, 2021 18:06:09.62 [12048:12072:0925/180609.627:ERROR:device_event_log_impl.cc(214)] [18:06:09.626] USB: usb_device_handle_win.cc:1048 Failed to read descriptor from node connection: 시스템에 부착된 장치가 작동하지 않습니다. (0x1F)
9월 25, 2021 18:33:47.52 [11432:11400:0925/183347.528:ERROR:chrome_browser_main_extra_parts_metrics.cc(228)] crbug.com/1216328: Checking Bluetooth availability started. Please report if there is no report that this ends.
9월 25, 2021 18:33:47.53 [11432:11400:0925/183347.531:ERROR:chrome_browser_main_extra_parts_metrics.cc(231)] crbug.com/1216328: Checking Bluetooth availability ended.
9월 25, 2021 18:33:47.53 [11432:11400:0925/183347.531:ERROR:chrome_browser_main_extra_parts_metrics.cc(234)] crbug.com/1216328: Checking default browser status started. Please report if there is no report that this ends.
9월 25, 2021 18:33:47.53 [11432:11400:0925/183347.535:ERROR:chrome_browser_main_extra_parts_metrics.cc(238)] crbug.com/1216328: Checking default browser status ended.
9월 25, 2021 18:33:47.57 [11432:8556:0925/183347.572:ERROR:device_event_log_impl.cc(214)] [18:33:47.565] USB: usb_device_handle_win.cc:1048 Failed to read descriptor from node connection: 시스템에 부착된 장치가 작동하지 않습니다. (0x1F)
9월 25, 2021 18:33:47.57 [11432:8556:0925/183347.573:ERROR:device_event_log_impl.cc(214)] [18:33:47.566] USB: usb_device_handle_win.cc:1048 Failed to read descriptor from node connection: 시스템에 부착된 장치가 작동하지 않습니다. (0x1F)
9월 25, 2021 18:38:55.21 [6416:10664:0925/183855.212:ERROR:chrome_browser_main_extra_parts_metrics.cc(228)] crbug.com/1216328: Checking Bluetooth availability started. Please report if there is no report that this ends.
9월 25, 2021 18:38:55.21 [6416:10664:0925/183855.219:ERROR:chrome_browser_main_extra_parts_metrics.cc(231)] crbug.com/1216328: Checking Bluetooth availability ended.
9월 25, 2021 18:38:55.22 [6416:10664:0925/183855.220:ERROR:chrome_browser_main_extra_parts_metrics.cc(234)] crbug.com/1216328: Checking default browser status started. Please report if there is no report that this ends.
9월 25, 2021 18:38:55.22 [6416:10664:0925/183855.221:ERROR:chrome_browser_main_extra_parts_metrics.cc(238)] crbug.com/1216328: Checking default browser status ended.
9월 25, 2021 18:38:55.22 [6416:4384:0925/183855.225:ERROR:device_event_log_impl.cc(214)] [18:38:55.223] USB: usb_device_handle_win.cc:1048 Failed to read descriptor from node connection: 시스템에 부착된 장치가 작동하지 않습니다. (0x1F)
9월 25, 2021 18:38:55.22 [6416:4384:0925/183855.225:ERROR:device_event_log_impl.cc(214)] [18:38:55.223] USB: usb_device_handle_win.cc:1048 Failed to read descriptor from node connection: 시스템에 부착된 장치가 작동하지 않습니다. (0x1F)
9월 25, 2021 18:40:51.99 [3868:8812:0925/184051.993:ERROR:chrome_browser_main_extra_parts_metrics.cc(228)] crbug.com/1216328: Checking Bluetooth availability started. Please report if there is no report that this ends.
9월 25, 2021 18:40:51.99 [3868:8812:0925/184051.993:ERROR:chrome_browser_main_extra_parts_metrics.cc(231)] crbug.com/1216328: Checking Bluetooth availability ended.
9월 25, 2021 18:40:51.99 [3868:8812:0925/184051.993:ERROR:chrome_browser_main_extra_parts_metrics.cc(234)] crbug.com/1216328: Checking default browser status started. Please report if there is no report that this ends.
9월 25, 2021 18:40:51.99 [3868:8812:0925/184051.999:ERROR:chrome_browser_main_extra_parts_metrics.cc(238)] crbug.com/1216328: Checking default browser status ended.
9월 25, 2021 18:40:52.02 [3868:5276:0925/184052.020:ERROR:device_event_log_impl.cc(214)] [18:40:52.014] USB: usb_device_handle_win.cc:1048 Failed to read descriptor from node connection: 시스템에 부착된 장치가 작동하지 않습니다. (0x1F)
9월 25, 2021 18:40:52.02 [3868:5276:0925/184052.020:ERROR:device_event_log_impl.cc(214)] [18:40:52.014] USB: usb_device_handle_win.cc:1048 Failed to read descriptor from node connection: 시스템에 부착된 장치가 작동하지 않습니다. (0x1F)
9월 25, 2021 18:42:47.81 [11828:8264:0925/184247.816:ERROR:chrome_browser_main_extra_parts_metrics.cc(228)] crbug.com/1216328: Checking Bluetooth availability started. Please report if there is no report that this ends.
9월 25, 2021 18:42:47.81 [11828:8264:0925/184247.816:ERROR:chrome_browser_main_extra_parts_metrics.cc(231)] crbug.com/1216328: Checking Bluetooth availability ended.
9월 25, 2021 18:42:47.81 [11828:8264:0925/184247.816:ERROR:chrome_browser_main_extra_parts_metrics.cc(234)] crbug.com/1216328: Checking default browser status started. Please report if there is no report that this ends.
9월 25, 2021 18:42:47.81 [11828:8264:0925/184247.818:ERROR:chrome_browser_main_extra_parts_metrics.cc(238)] crbug.com/1216328: Checking default browser status ended.
9월 25, 2021 18:42:47.82 [11828:3448:0925/184247.826:ERROR:device_event_log_impl.cc(214)] [18:42:47.826] USB: usb_device_handle_win.cc:1048 Failed to read descriptor from node connection: 시스템에 부착된 장치가 작동하지 않습니다. (0x1F)
9월 25, 2021 18:42:47.82 [11828:3448:0925/184247.826:ERROR:device_event_log_impl.cc(214)] [18:42:47.826] USB: usb_device_handle_win.cc:1048 Failed to read descriptor from node connection: 시스템에 부착된 장치가 작동하지 않습니다. (0x1F)
9월 25, 2021 18:44:44.07 [6876:10268:0925/184444.071:ERROR:chrome_browser_main_extra_parts_metrics.cc(228)] crbug.com/1216328: Checking Bluetooth availability started. Please report if there is no report that this ends.
9월 25, 2021 18:44:44.07 [6876:10268:0925/184444.071:ERROR:chrome_browser_main_extra_parts_metrics.cc(231)] crbug.com/1216328: Checking Bluetooth availability ended.
9월 25, 2021 18:44:44.07 [6876:10268:0925/184444.071:ERROR:chrome_browser_main_extra_parts_metrics.cc(234)] crbug.com/1216328: Checking default browser status started. Please report if there is no report that this ends.
9월 25, 2021 18:44:44.07 [6876:10268:0925/184444.073:ERROR:chrome_browser_main_extra_parts_metrics.cc(238)] crbug.com/1216328: Checking default browser status ended.
9월 25, 2021 18:44:44.08 [6876:10700:0925/184444.083:ERROR:device_event_log_impl.cc(214)] [18:44:44.083] USB: usb_device_handle_win.cc:1048 Failed to read descriptor from node connection: 시스템에 부착된 장치가 작동하지 않습니다. (0x1F)
9월 25, 2021 18:44:44.08 [6876:10700:0925/184444.084:ERROR:device_event_log_impl.cc(214)] [18:44:44.084] USB: usb_device_handle_win.cc:1048 Failed to read descriptor from node connection: 시스템에 부착된 장치가 작동하지 않습니다. (0x1F)
9월 25, 2021 19:08:21.04 [6876:10700:0925/190821.047:ERROR:device_event_log_impl.cc(214)] [19:08:20.788] USB: usb_service_win.cc:258 Failed to get device driver name: 요소가 없습니다. (0x490)
9월 25, 2021 19:08:21.42 [6876:10700:0925/190821.427:ERROR:device_event_log_impl.cc(214)] [19:08:21.042] USB: usb_service_win.cc:281 SetupDiEnumDeviceInterfaces: 사용 가능한 데이터가 없습니다. (0x103)
9월 25, 2021 19:08:27.84 [6876:10700:0925/190827.842:ERROR:device_event_log_impl.cc(214)] [19:08:27.838] USB: usb_service_win.cc:258 Failed to get device driver name: 요소가 없습니다. (0x490)
9월 25, 2021 19:38:19.55 [4704:2356:0925/193819.557:ERROR:chrome_browser_main_extra_parts_metrics.cc(228)] crbug.com/1216328: Checking Bluetooth availability started. Please report if there is no report that this ends.
9월 25, 2021 19:38:19.55 [4704:2356:0925/193819.557:ERROR:chrome_browser_main_extra_parts_metrics.cc(231)] crbug.com/1216328: Checking Bluetooth availability ended.
9월 25, 2021 19:38:19.55 [4704:2356:0925/193819.557:ERROR:chrome_browser_main_extra_parts_metrics.cc(234)] crbug.com/1216328: Checking default browser status started. Please report if there is no report that this ends.
9월 25, 2021 19:38:19.55 [4704:2356:0925/193819.558:ERROR:chrome_browser_main_extra_parts_metrics.cc(238)] crbug.com/1216328: Checking default browser status ended.
9월 25, 2021 19:38:19.56 [4704:4480:0925/193819.566:ERROR:device_event_log_impl.cc(214)] [19:38:19.566] USB: usb_device_handle_win.cc:1048 Failed to read descriptor from node connection: 시스템에 부착된 장치가 작동하지 않습니다. (0x1F)
9월 25, 2021 19:38:19.57 [4704:4480:0925/193819.570:ERROR:device_event_log_impl.cc(214)] [19:38:19.570] USB: usb_device_handle_win.cc:1048 Failed to read descriptor from node connection: 시스템에 부착된 장치가 작동하지 않습니다. (0x1F)
9월 25, 2021 20:00:10.46 [7176:3464:0925/200010.468:ERROR:chrome_browser_main_extra_parts_metrics.cc(228)] crbug.com/1216328: Checking Bluetooth availability started. Please report if there is no report that this ends.
9월 25, 2021 20:00:10.47 [7176:3464:0925/200010.468:ERROR:chrome_browser_main_extra_parts_metrics.cc(231)] crbug.com/1216328: Checking Bluetooth availability ended.
9월 25, 2021 20:00:10.47 [7176:3464:0925/200010.468:ERROR:chrome_browser_main_extra_parts_metrics.cc(234)] crbug.com/1216328: Checking default browser status started. Please report if there is no report that this ends.
9월 25, 2021 20:00:10.49 [7176:3464:0925/200010.493:ERROR:chrome_browser_main_extra_parts_metrics.cc(238)] crbug.com/1216328: Checking default browser status ended.
9월 25, 2021 20:00:10.51 [7176:4288:0925/200010.506:ERROR:device_event_log_impl.cc(214)] [20:00:10.507] USB: usb_device_handle_win.cc:1048 Failed to read descriptor from node connection: 시스템에 부착된 장치가 작동하지 않습니다. (0x1F)
9월 25, 2021 20:00:10.51 [7176:4288:0925/200010.513:ERROR:device_event_log_impl.cc(214)] [20:00:10.514] USB: usb_device_handle_win.cc:1048 Failed to read descriptor from node connection: 시스템에 부착된 장치가 작동하지 않습니다. (0x1F)
9월 25, 2021 20:13:17.76 [9340:5964:0925/201317.761:ERROR:chrome_browser_main_extra_parts_metrics.cc(228)] crbug.com/1216328: Checking Bluetooth availability started. Please report if there is no report that this ends.
9월 25, 2021 20:13:17.76 [9340:5964:0925/201317.761:ERROR:chrome_browser_main_extra_parts_metrics.cc(231)] crbug.com/1216328: Checking Bluetooth availability ended.
9월 25, 2021 20:13:17.76 [9340:5964:0925/201317.761:ERROR:chrome_browser_main_extra_parts_metrics.cc(234)] crbug.com/1216328: Checking default browser status started. Please report if there is no report that this ends.
9월 25, 2021 20:13:17.77 [9340:5964:0925/201317.770:ERROR:chrome_browser_main_extra_parts_metrics.cc(238)] crbug.com/1216328: Checking default browser status ended.
9월 25, 2021 20:13:17.80 [9340:12280:0925/201317.803:ERROR:device_event_log_impl.cc(214)] [20:13:17.803] USB: usb_device_handle_win.cc:1048 Failed to read descriptor from node connection: 시스템에 부착된 장치가 작동하지 않습니다. (0x1F)
9월 25, 2021 20:13:17.81 [9340:12280:0925/201317.809:ERROR:device_event_log_impl.cc(214)] [20:13:17.809] USB: usb_device_handle_win.cc:1048 Failed to read descriptor from node connection: 시스템에 부착된 장치가 작동하지 않습니다. (0x1F)
9월 25, 2021 20:18:31.80 [5644:6000:0925/201831.801:ERROR:chrome_browser_main_extra_parts_metrics.cc(228)] crbug.com/1216328: Checking Bluetooth availability started. Please report if there is no report that this ends.
9월 25, 2021 20:18:31.80 [5644:6000:0925/201831.801:ERROR:chrome_browser_main_extra_parts_metrics.cc(231)] crbug.com/1216328: Checking Bluetooth availability ended.
9월 25, 2021 20:18:31.80 [5644:6000:0925/201831.801:ERROR:chrome_browser_main_extra_parts_metrics.cc(234)] crbug.com/1216328: Checking default browser status started. Please report if there is no report that this ends.
9월 25, 2021 20:18:31.80 [5644:6000:0925/201831.803:ERROR:chrome_browser_main_extra_parts_metrics.cc(238)] crbug.com/1216328: Checking default browser status ended.
9월 25, 2021 20:18:31.81 [5644:1888:0925/201831.814:ERROR:device_event_log_impl.cc(214)] [20:18:31.814] USB: usb_device_handle_win.cc:1048 Failed to read descriptor from node connection: 시스템에 부착된 장치가 작동하지 않습니다. (0x1F)
9월 25, 2021 20:18:31.82 [5644:1888:0925/201831.818:ERROR:device_event_log_impl.cc(214)] [20:18:31.818] USB: usb_device_handle_win.cc:1048 Failed to read descriptor from node connection: 시스템에 부착된 장치가 작동하지 않습니다. (0x1F)
9월 25, 2021 20:43:08.19 [1012:10592:0925/204308.193:ERROR:chrome_browser_main_extra_parts_metrics.cc(228)] crbug.com/1216328: Checking Bluetooth availability started. Please report if there is no report that this ends.
9월 25, 2021 20:43:08.19 [1012:10592:0925/204308.193:ERROR:chrome_browser_main_extra_parts_metrics.cc(231)] crbug.com/1216328: Checking Bluetooth availability ended.
9월 25, 2021 20:43:08.19 [1012:10592:0925/204308.194:ERROR:chrome_browser_main_extra_parts_metrics.cc(234)] crbug.com/1216328: Checking default browser status started. Please report if there is no report that this ends.
9월 25, 2021 20:43:08.20 [1012:10592:0925/204308.201:ERROR:chrome_browser_main_extra_parts_metrics.cc(238)] crbug.com/1216328: Checking default browser status ended.
9월 25, 2021 20:43:08.24 [1012:7396:0925/204308.238:ERROR:device_event_log_impl.cc(214)] [20:43:08.238] USB: usb_device_handle_win.cc:1048 Failed to read descriptor from node connection: 시스템에 부착된 장치가 작동하지 않습니다. (0x1F)
9월 25, 2021 20:43:08.24 [1012:7396:0925/204308.244:ERROR:device_event_log_impl.cc(214)] [20:43:08.245] USB: usb_device_handle_win.cc:1048 Failed to read descriptor from node connection: 시스템에 부착된 장치가 작동하지 않습니다. (0x1F)
9월 25, 2021 20:50:27.54 [10076:4128:0925/205027.540:ERROR:chrome_browser_main_extra_parts_metrics.cc(228)] crbug.com/1216328: Checking Bluetooth availability started. Please report if there is no report that this ends.
9월 25, 2021 20:50:27.54 [10076:4128:0925/205027.540:ERROR:chrome_browser_main_extra_parts_metrics.cc(231)] crbug.com/1216328: Checking Bluetooth availability ended.
9월 25, 2021 20:50:27.54 [10076:4128:0925/205027.540:ERROR:chrome_browser_main_extra_parts_metrics.cc(234)] crbug.com/1216328: Checking default browser status started. Please report if there is no report that this ends.
9월 25, 2021 20:50:27.54 [10076:4128:0925/205027.544:ERROR:chrome_browser_main_extra_parts_metrics.cc(238)] crbug.com/1216328: Checking default browser status ended.
9월 25, 2021 20:50:27.54 [10076:5240:0925/205027.549:ERROR:device_event_log_impl.cc(214)] [20:50:27.548] USB: usb_device_handle_win.cc:1048 Failed to read descriptor from node connection: 시스템에 부착된 장치가 작동하지 않습니다. (0x1F)
9월 25, 2021 20:50:27.55 [10076:5240:0925/205027.552:ERROR:device_event_log_impl.cc(214)] [20:50:27.552] USB: usb_device_handle_win.cc:1048 Failed to read descriptor from node connection: 시스템에 부착된 장치가 작동하지 않습니다. (0x1F)
